This is pdfTeX, Version 3.141592653-2.6-1.40.26 (TeX Live 2024) (preloaded format=pdflatex 2024.5.10)  3 DEC 2024 21:45
entering extended mode
 restricted \write18 enabled.
 file:line:error style messages enabled.
 %&-line parsing enabled.
**d:/escuela/4to/Tesis/Tesis/Heurística_para_perturbación_de_aristas.tex
(d:/escuela/4to/Tesis/Tesis/Heurística_para_perturbación_de_aristas.tex
LaTeX2e <2023-11-01> patch level 1
L3 programming layer <2024-04-11>
(c:/texlive/2024/texmf-dist/tex/latex/base/report.cls
Document Class: report 2023/05/17 v1.4n Standard LaTeX document class
(c:/texlive/2024/texmf-dist/tex/latex/base/size11.clo
File: size11.clo 2023/05/17 v1.4n Standard LaTeX file (size option)
)
\c@part=\count189
\c@chapter=\count190
\c@section=\count191
\c@subsection=\count192
\c@subsubsection=\count193
\c@paragraph=\count194
\c@subparagraph=\count195
\c@figure=\count196
\c@table=\count197
\abovecaptionskip=\skip48
\belowcaptionskip=\skip49
\bibindent=\dimen140
) (c:/texlive/2024/texmf-dist/tex/latex/base/inputenc.sty
Package: inputenc 2021/02/14 v1.3d Input encoding file
\inpenc@prehook=\toks17
\inpenc@posthook=\toks18
) (c:/texlive/2024/texmf-dist/tex/generic/babel/babel.sty
Package: babel 2024/04/20 v24.4 The Babel package
\babel@savecnt=\count198
\U@D=\dimen141
\l@unhyphenated=\language89
 (c:/texlive/2024/texmf-dist/tex/generic/babel/txtbabel.def)
\bbl@readstream=\read2
\bbl@dirlevel=\count199
 (c:/texlive/2024/texmf-dist/tex/generic/babel-spanish/spanish.ldf
Language: spanish.ldf 2021/05/27 v5.0q Spanish support from the babel system
\es@quottoks=\toks19
\es@quotdepth=\count266
Package babel Info: Making " an active character on input line 570.
Package babel Info: Making . an active character on input line 675.
Package babel Info: Making < an active character on input line 722.
Package babel Info: Making > an active character on input line 722.
)) (c:/texlive/2024/texmf-dist/tex/generic/babel/locale/es/babel-spanish.tex
Package babel Info: Importing font and identification data for spanish
(babel)             from babel-es.ini. Reported on input line 11.
) (c:/texlive/2024/texmf-dist/tex/latex/l3backend/l3backend-pdftex.def
File: l3backend-pdftex.def 2024-04-11 L3 backend support: PDF output (pdfTeX)
\l__color_backend_stack_int=\count267
\l__pdf_internal_box=\box51
) (./Heurística_para_perturbación_de_aristas.aux
LaTeX Info: Redefining \. on input line 8.
LaTeX Info: Redefining \% on input line 8.
)
\openout1 = `Heurística_para_perturbación_de_aristas.aux'.

LaTeX Font Info:    Checking defaults for OML/cmm/m/it on input line 9.
LaTeX Font Info:    ... okay on input line 9.
LaTeX Font Info:    Checking defaults for OMS/cmsy/m/n on input line 9.
LaTeX Font Info:    ... okay on input line 9.
LaTeX Font Info:    Checking defaults for OT1/cmr/m/n on input line 9.
LaTeX Font Info:    ... okay on input line 9.
LaTeX Font Info:    Checking defaults for T1/cmr/m/n on input line 9.
LaTeX Font Info:    ... okay on input line 9.
LaTeX Font Info:    Checking defaults for TS1/cmr/m/n on input line 9.
LaTeX Font Info:    ... okay on input line 9.
LaTeX Font Info:    Checking defaults for OMX/cmex/m/n on input line 9.
LaTeX Font Info:    ... okay on input line 9.
LaTeX Font Info:    Checking defaults for U/cmr/m/n on input line 9.
LaTeX Font Info:    ... okay on input line 9.
LaTeX Info: Redefining \. on input line 9.
LaTeX Info: Redefining \% on input line 9.


LaTeX Font Warning: Font shape `OT1/cmr/bx/sc' undefined
(Font)              using `OT1/cmr/bx/n' instead on input line 11.

[1



pdfTeX warning: pdflatex.exe (file pdftex.map): cannot open font map file
] [1] (./Heurística_para_perturbación_de_aristas.toc
LaTeX Info: Redefining \. on input line 1.
LaTeX Info: Redefining \% on input line 1.
)
\tf@toc=\write3
\openout3 = `Heurística_para_perturbación_de_aristas.toc'.

 [1

]
Cap\'{\i }tulo 1.
LaTeX Font Info:    External font `cmex10' loaded for size
(Font)              <10.95> on input line 18.
LaTeX Font Info:    External font `cmex10' loaded for size
(Font)              <8> on input line 18.
LaTeX Font Info:    External font `cmex10' loaded for size
(Font)              <6> on input line 18.
[2

]
Cap\'{\i }tulo 2.
[3

] [4] (./Heurística_para_perturbación_de_aristas.aux
LaTeX Info: Redefining \. on input line 8.
LaTeX Info: Redefining \% on input line 8.
)
 ***********
LaTeX2e <2023-11-01> patch level 1
L3 programming layer <2024-04-11>
 ***********


LaTeX Font Warning: Some font shapes were not available, defaults substituted.

 ) 
Here is how much of TeX's memory you used:
 1977 strings out of 474050
 34802 string characters out of 5746298
 1933754 words of memory out of 5000000
 24445 multiletter control sequences out of 15000+600000
 565029 words of font info for 59 fonts, out of 8000000 for 9000
 1141 hyphenation exceptions out of 8191
 45i,8n,53p,1188b,365s stack positions out of 10000i,1000n,20000p,200000b,200000s
 <c:/texlive/2024/texmf-dist/fonts/pk/ljfour/public/cm/dpi600/cmr8.pk> <c:/Users/Admin/.texlive2024/texmf-var/fonts/pk/ljfour/public/cm/cmsy10.657pk> <c:/Users/Admin/.texlive2024/texmf-var/fonts/pk/ljfour/public/cm/cmsy8.600pk> <c:/Users/Admin/.texlive2024/texmf-var/fonts/pk/ljfour/public/cm/cmtt10.657pk> <c:/Users/Admin/.texlive2024/texmf-var/fonts/pk/ljfour/public/cm/cmmi10.657pk> <c:/Users/Admin/.texlive2024/texmf-var/fonts/pk/ljfour/public/cm/cmbx12.1037pk> <c:/Users/Admin/.texlive2024/texmf-var/fonts/pk/ljfour/public/cm/cmr10.657pk> <c:/Users/Admin/.texlive2024/texmf-var/fonts/pk/ljfour/public/cm/cmbx12.1244pk> <c:/texlive/2024/texmf-dist/fonts/pk/ljfour/public/cm/dpi600/cmr12.pk> <c:/Users/Admin/.texlive2024/texmf-var/fonts/pk/ljfour/public/cm/cmbx10.657pk> <c:/Users/Admin/.texlive2024/texmf-var/fonts/pk/ljfour/public/cm/cmbxti10.657pk> <c:/Users/Admin/.texlive2024/texmf-var/fonts/pk/ljfour/public/cm/cmti10.657pk> <c:/Users/Admin/.texlive2024/texmf-var/fonts/pk/ljfour/public/cm/cmbx12.864pk> <c:/Users/Admin/.texlive2024/texmf-var/fonts/pk/ljfour/public/cm/cmcsc10.1037pk>
Output written on Heurística_para_perturbación_de_aristas.pdf (6 pages, 78777 bytes).
PDF statistics:
 309 PDF objects out of 1000 (max. 8388607)
 70 compressed objects within 1 object stream
 0 named destinations out of 1000 (max. 500000)
 1 words of extra memory for PDF output out of 10000 (max. 10000000)

